P00015731A0090|36 52|carbonic anhydrase
P00027739T0000|0 28|Serum gamma glutamyltransferase
P00029953T0045|17 22|lipase
P00030183T0000|33 38|HLA-B5
P00030937A0119|13 31|alkaline phosphatase
P00033873T0001|28 31|GGTP
P00050628A0202|2 4|IgG
P00052597T0000|9 23|immunoglobulin E
P00054900A0226|37 57|chloroacetate esterase
P00055040A0000|269 278|fibrinogen
P00056901A0308|10 21|human albumin
P00066874T0000|26 41|alpha fetoprotein
P00072928T0000|0 13|Serum-ferritin
P00083846T0000|0 6|Albumin
P00088391A0181|64 71|factor IX
P00089778A0000|114 116|FDP
P00100540T0000|44 66|platelet cyclo-oxygenase
P00101300A0257|49 50|N1
P00105401A0635|75 77|TBG
P00139624A0318|48 65|serum ceruloplasmin
P00150066A0100|52 59|thrombin
P00154430A0906|94 114|HindIII-EcoRI fragment
P00173860A0475|37 45|aflatoxin
P00201881A0487|72 74|MSH
P00209664A0836|33 34|LH
P00216939T0001|32 61|tricarboxylic acid dehydrogenase
P00219565A0172|14 30|hepatitis B antigen
P00221725A0523|43 52|peroxidase
P00222102A0227|57 76|vitamin-D-3 and 1 alpha
P00224013A0661|335 359|beta-Vasodilator receptors
P00227393T0000|63 90|cytochrome P-450 monooxygenase
P00227610A1593|31 37|DBP mRNA
P00231555T0001|74 77|ACTH
P00232354A0286|24 30|insulin
P00232456T0000|127 143|transforming genes
P00234264A0164|0 26|Gamma glutamyl transpeptidase
P00239169T0000|0 15|Dopamine receptor
P00261981A0434|23 34|somatomedin A
P00264240A1843|152 170|X. laevis oocyte 5S DNA
P00304806A0760|12 24|serum alpha1AT
P00331128A0000|17 26|calcitonin
P00331936T0000|60 71|antiglobulin
P00336354A0543|59 65|insulin
P00336547A0000|270 272|LAC
P00342623A0228|49 60|type B antigen
P00369397A0280|88 89|LH
P00377466A0188|101 102|E2
P00378492A0475|98 108|plasma renin
P00383169A0000|46 61|dopamine receptor
P00385457A0187|20 25|pepsin
P00420460A0291|65 69|renin
P00427715A0000|82 82|B
P00429949A0000|201 214|human prolactin
P00431832T0001|42 53|beta receptor
P00432615A0541|85 103|bovine gammaglobulin
P00445259T0000|5 12|ferritin
P00453780A0430|155 157|IgA
P00454780A0340|81 84|Ta 6 V
P00464387A1185|30 32|IgE
P00465681A0000|7 16|hemoglobin
P00473249T0000|40 52|streptolysin O
P00481612A1121|17 31|opiate receptors
P00499588T0000|49 55|insulin
P00503336A0285|81 99|alkaline phosphatase
P00510341T0036|11 19|E.O.R.T.C
P00512215A0000|139 140|L2
P00521732T0000|81 97|steroid sulphatase
P00528144T0000|11 21|transferrin
P00534613A0000|95 102|collagen
P00555492A1034|1 1|5
P00557559A0170|21 37|alpha-(3-methyl-2
P00589073A0000|21 29|prolactin
P00593119T0001|75 102|allergospecific IgE antibodies
P00594617A0192|171 184|fibrin monomers
P00597715A0256|79 81|FSH
P00598012A0174|84 92|prolactin
P00601401A0181|6 15|hemoglobin
P00603783A0647|77 79|IgA
P00606849T0000|41 53|thromboxane A2
P00618078A0367|14 21|lysozyme
P00622556A0111|16 23|collagen
P00627129A0944|165 191|alpha-and beta-adrenoceptors
P00637637T0000|27 37|plasma renin
P00656008T0000|41 59|superoxide dismutase
P00665053A0276|49 50|H1
P00668122A0414|106 113|ferritin
P00676790T0000|0 10|Angiotensin
P00696858A0000|22 36|porcine secretin
P00710372A0302|82 83|GH
P00715753A0241|115 119|CK-MB
P00716366T0001|22 50|alkaline phosphatase isoenzymes
P00725534A0888|139 141|IgA
P00725752T0001|44 65|adrenergic beta receptor
P00748978T0000|0 11|Serum relaxin
P00759400T0000|26 44|5-HT releasing factor
P00767161A0837|31 32|E2
P00779272T0001|32 48|Epstein-Barr virus
P00780639X0000|24 26|CEA
P00792847A0000|44 46|ALG
P00812183T0000|10 23|transfer factor
P00818380A0239|0 15|Rheumatoid factor
P00830568A0000|191 197|STG-BII
P00837811A0675|61 73|gamma globulin
P00846559A0000|187 194|T-2 toxin
P00857024A0888|76 84|properdin
P00866577A0579|21 41|plasminogen activators
P00877857A0763|5 11|amylase
P00881630A0000|90 104|Phospholipase-A
P00898500A0246|143 153|IgE antibody
P00909114A0000|19 21|DAN
P00917572T0001|14 16|TSH
P00918556A0000|49 56|anti-HBs
P00932738A0116|25 26|BP
P00947327A0000|266 267|N1
P00947834X0000|13 15|IgE
P00954819A1041|128 131|AChE
P00956554A0414|95 107|IgE antibodies
P00959656A0250|39 53|antithrombin III
P00970488A0105|75 84|DA receptor
P00980255T0000|16 24|2-deoxy-D
P00984209A0614|67 73|gastrin
P00985279A0493|15 24|hemoglobin
P00986925A0002|70 77|glucagon
P00989973A0000|22 31|fibrinogen
P00993176A0066|116 125|hemoglobin
P01000378T0000|33 39|insulin
P01009451A0728|23 24|UB
P01021091T0000|110 120|Octapressin
P01048968A0152|108 121|beta-lactamase
P01078982A0227|92 94|ALG
P01081904A0198|0 5|Fibrin
P01082726A0248|47 49|ERG
P01083375T0000|0 17|Alpha-1 antitrypsin
P01083784T0000|30 32|IgE
P01098592A0567|0 2|IgG
P01113908A0475|30 41|transferrin 2
P01116466A0185|122 123|IX
P01123658A0000|137 139|L-4
P01130186A0568|47 53|insulin
P01140184A0342|48 61|epoxide hydrase
P01150658A0683|39 61|human luteinizing hormone
P01158512T0000|37 38|PD
P01168607A0672|86 96|prothrombin
P01171935A0313|134 153|dopamine receptor site
P01172734T0035|15 22|HL-A W-27
P01190120A0832|39 52|thromboplastin
P01191964A0000|258 269|thyrotrophin
P01224116A0576|63 65|IgG
P01228882A0437|63 80|CSF immunoglobulins
P01241866A0682|1 1|5
P01243628A0286|67 70|COHb
P01256410T0001|16 31|factor II molecule
P01265887T0001|8 17|factor VIII
P01275541A0405|21 23|CPK
P01276105A0313|14 20|insulin
P01279352A0297|8 10|PAL
P01279352A1197|133 162|beta-galactosidase reporter gene
P01279374A0396|118 123|PET122
P01280807A0575|80 96|ThrRS/CGU operator
P01281771T0000|21 50|human gene encoding cytokeratin 17
P01284828T0001|0 25|Tissue plasminogen activator
P01285009A0000|187 189|cBA
P01285358A0396|15 17|AFP
P01287197A0761|213 214|po
P01294345A0591|128 136|prolactin
P01296815A0059|88 109|5'-truncated pseudogene
P01297332A0983|73 88|6-dependent genes
P01301171A0979|35 55|c-myc bearing sequences
P01309587A0715|118 129|c-myb protein
P01309593A1092|190 210|ribosomal protein genes
P01309815A0972|130 132|AEP
P01309860A0559|103 109|mouse L1
P01309894A0807|12 16|Rep68
P01309910A0428|74 85|CREB2 protein
P01310154A0879|203 212|FBR protein
P01310178A0876|138 159|11-kDa C-terminal domain
P01310879A0000|56 58|HAT
P01310899A0339|122 154|cytoplasmic serine/threonine kinase
P01310935T0000|38 64|ubiquitin-conjugating enzyme
P01312005A0600|103 118|L-strand sequence
P01313715A0461|212 218|p47phox
P01313846A0850|187 204|poliovirus receptor
P01313894A1179|54 62|LMP2B mRNA
P01313909A0526|104 122|ICP0-coding sequence
P01314457T0000|131 147|Epstein-Barr virus
P01314953A1266|90 93|hap3
P01315706A0000|42 61|adenovirus E1a protein
P01316461A1083|67 68|S2
P01316476A1428|40 48|ORF 62 gene
P01316680A0643|152 152|H
P01316900A0000|45 63|Escherichia coli K-12
P01316903A0296|96 98|IIO
P01316903A1040|0 15|RNA polymerase IIA
P01317376A0981|119 125|frk mRNA
P01318310A0000|84 86|HDL
P01320255A0795|158 164|human L1
P01320640A0336|80 82|VIP
P01321277A0342|141 143|UR2
P01321277A0664|87 89|ros
P01321280A0494|175 176|E7
P01321332A0970|241 245|ARP-1
P01321336A0731|19 26|ALF1 cDNA
P01321337A0318|218 234|bovine calcineurin
P01321337A1161|107 118|alpha-factor
P01324172A0880|44 47|RIM1
P01324385A0329|171 173|CDC
P01324404A0813|114 129|HNF-3 beta protein
P01324404A1208|0 31|HNF-3 beta amino-terminal sequences
P01324406A1250|27 44|ATPase/DNA helicase
P01325221A0870|104 115|p41 MAP kinase
P01325386A0766|44 64|74-kD heat shock protein
P01326329A0703|266 269|CREs
P01327758A0000|92 111|full-length E2 protein
P01328197A0985|91 93|ras
P01328219A1397|0 5|NSCL-1
P01328681A0149|120 138|LTR-binding proteins
P01328854T0000|105 135|human phosphoglycerate mutase gene
P01328884T0000|40 58|MHC class II molecules
P01329039A0239|126 137|bHLH proteins
P01329039A0951|115 128|Ig kappa E2 E-box
P01330077A0000|19 30|TCR beta) gene
P01330309A1134|37 58|myogenin fusion proteins
P01331057A0000|59 99|Saccharomyces cerevisiae cytochrome c oxidase
P01331060A0768|17 32|calcineurin A gene
P01331086T0000|109 140|GABP-related transcription factors
P01331501A0397|121 124|p130
P01331516A0103|75 88|wild-type virus
P01332964A0247|23 33|RII beta gene
P01333035T0000|59 86|Escherichia coli RNA polymerase
P01333047A0404|126 135|Nck protein
P01333053A0110|121 124|ACTH
P01333317A1008|98 102|PRF-I
P01334428A1102|26 43|src-related peptide
P01334493A0289|36 38|HGF
P01337142A2043|65 67|FSK
P01339373T0000|77 93|SNF1 protein kinase
P01339468A0272|79 101|ORF2, -3, -5 and -6 proteins
P01340470A0000|103 111|RS) domain
P01341119A0450|70 71|H2
P01346262A0377|44 53|wild-type S
P01346534T0000|43 77|leucine-responsive regulatory protein
P01347476T0000|12 54|mouse ornithine decarboxylase-related sequence
P01347664A1026|50 56|CAD mRNA
P01347944A0964|37 68|homeodomain binding site II sequence
P01348504A0757|8 30|pol alpha-primase complex
P01348508A0313|153 160|TGM1 gene
P01348590A0000|125 127|CD4
P01349837T0000|70 81|HSP60 and gene
P01350780A0184|72 107|Escherichia coli gamma-glutamyl kinases
P01350932A1123|44 53|C-terminus
P01353478T0000|24 41|IAP retrotransposon
P01357190A0726|119 121|CD4
P01357528A0084|63 68|SEF-17
P01358190A0654|33 41|H-2E beta k
P01358758A0000|149 189|beta-cell-specific transcriptional enhancer
P01358880A0251|52 88|human cellular transglutaminase sequence
P01360180A0513|59 73|wild-type kinase
P01360180A1568|27 29|P68
P01360294A0000|120 124|AT III
P01363080A0710|135 151|carbonic anhydrase
P01363166T0001|17 26|H2 receptor
P01371272A1167|72 94|yeast DNA polymerase alpha
P01371275T0000|42 60|vacuolar H(+)-ATPase
P01371413A0742|14 23|hGCSFR gene
P01372802A1481|321 322|C3
P01372900A0448|91 112|alpha s1-casein variant A
P01372900A1017|54 88|goat alpha s1-casein transcription unit
P01373374A0735|74 77|GBF3
P01374392A0341|57 61|NHE-2
P01375224A0152|41 45|v-Crk
P01375913A0484|94 120|T7 RNA polymerase promoter site
P01376319T0000|22 68|mouse cation-dependent mannose 6-phosphate receptor
P01377696A0000|42 52|neurofascin
P01377818A0468|79 88|C/EBP alpha
P01377962A1012|11 21|tobacco GS-2
P01378052A0594|160 189|NifA upstream activator sequences
P01378506A0884|82 83|NC
P01380062A0097|114 116|Y-3
P01380454A0451|232 235|CREB
P01383690A1023|105 116|ABL SH2 domain
P01383695A0100|79 98|IgM kappa and IgM lambda
P01384229A0175|239 245|pBLCAT2
P01386897A0000|128 131|CLN2
P01387105A0933|186 194|Cycb1-rs9
P01388160A1102|68 81|epsilon peptide
P01389573A1071|79 91|P1 - P2)/(A1 - A2
P01392012A0228|33 40|oxytocin
P01394200A0592|173 173|T
P01394655A0615b|101 118|Jack bean meal urease
P01396572A0320|126 131|Z-form
P01396583A0204|42 57|interleukin 2 gene
P01396592A1113|97 110|SCL gene product
P01396601A0986|45 49|Stl2p
P01398068A0948|98 111|RGC DNA sequence
P01398071A0526|130 144|RNA polymerases I
P01398073A0986|42 65|multisubunit TFIID protein
P01398074A0697|75 88|RNase MRP enzyme
P01398074A1081|127 134|RNase MRP
P01398104A0834|48 65|RNA-binding protein
P01398106A0754|34 39|I-CreI
P01398140A0488|104 106|PSE
P01399206A0375|35 45|collagenase
P01400217T0000|85 88|traF
P01400396A1265|109 126|protein kinase C beta
P01400401A0065|59 60|E1
P01400401A0854|119 136|truncated AMPD3 cDNA
P01402647A0114|0 2|DR1
P01404401A0740|85 99|chloroplast gene
P01406630A0545|126 136|DNA-protein
P01406630A0965|139 160|heterodimeric NF-kappa B
P01406656A1075|154 165|oncogenic ras
P01406677A0000|224 244|firefly luciferase gene
P01406688A0898|34 44|rap1t allele
P01406703A1435|58 91|H-2RIIBP nuclear hormone receptor cDNA
P01407286A0427|146 164|tyrosine hydroxylase
P01409581A0206|45 77|myeloid/B-cell-specific factor PU.1
P01409643A0618|233 235|TMF
P01410071T0000|45 53|prolactin
P01413984A0737|219 237|von Willebrand factor
P01418272A1072|39 41|CEA
P01418834A0987|42 42|P
P01420177A1065|81 94|protein kinases
P01420363A0818|120 136|nuclear AP1 factors
P01420363T0000|96 101|TIMP-1
P01420579A0292|5 33|serum neutralizing (SN) antibody
P01421145A1190|79 84|PCAT-1
P01421390T0000|18 79|recombinant human granulocyte-macrophage colony-stimulating factor
P01422265A0263|112 115|IgG4
P01423454A0309|13 16|ANCA
P01425921A1286|161 164|V1J1
P01426635A0496|18 22|ZFH-2
P01427034A0440|90 97|S13 genes
P01429596A1669|123 129|18K-LAF
P01429624A0328|97 111|adenylylcyclase
P01429724A0664|46 50|Nmt1p
P01429740A1065|122 127|E2 gene
P01429836A0457|96 100|Vps1p
P01429836A1205|34 50|GTP-binding domain
P01431380A0244|369 372|SFGR
P01431809T0000|49 62|polyhedrin gene
P01433502A1163|119 143|an enhancer-specific factor
P01433524A0788|51 53|IE1
P01436261A0145|181 190|calcitonin
P01437562A0462|0 17|Anti-CRK antibodies
P01438287T0000|48 63|recombinant genes
P01441818T0001|0 14|Interferon type I
P01443047A0773|79 84|Id-SCL
P01446828A1088|114 118|NF-E1
P01447189A1546|33 46|serine protease
P01447189T0000|45 53|RNK-Met-1
P01448107A0361|61 64|GCN4
P01448806A0135|16 28|growth hormone
P01448917A0775|303 323|87K presumed polymerase
P01448932T0000|0 41|Rice dwarf phytoreovirus segment S12 transcript
P01449183A0795|23 38|beta 2 transferrin
P01452037A0000|220 228|gap operon
P01452584T0000|0 29|Pseudomonas aeruginosa exotoxin A
P01454518A0336|186 199|human ERCC3 cDNA
P01454819A0000|141 150|EC 3.2.2.19
P01456888A0074|227 240|core protein p55
P01457380A0000|101 113|ttk transcript
P01457695T0000a|9 27|beta 2-microglobulin
P01457695T0000b|9 27|beta 2-microglobulin
P01459447A0484|36 51|full-length genes
P01459451A0478|5 8|VP16
P01459885A0705|93 98|alpha 1
P01460054A0478|105 120|DNA binding domain
P01460054A0968|76 93|IFN-inducible genes
P01464606A0344|102 132|fibronectin cell-binding fragment
P01468625A0282|23 31|HIS3 cDNAs
P01468625A1080|39 42|NSR1
P01469042A0355|137 147|DNA-protein
P01469047A1606|132 156|glutamic acid decarboxylase
P01470243A0871|248 254|albumin
P01471602A0362|113 129|HMG-CoA) reductase
P01476376T0000|24 29|urease
P01477021A0394|47 55|prolactin
P01480183A0000|25 44|human lactoferrin gene
P01480183A1689|64 78|lactoferrin gene
P01480470A0323|0 5|BiP670
P01485648A0000|139 168|allergen-specific IgE antibodies
P01487144A0505|38 46|mu m poly(A
P01490493A0416|39 54|serum cholesterol
P01498607A0000|79 109|parsley chalcone synthase promoter
P01502157A0000|115 116|P2
P01504853A0299|9 12|LHRH
P01511950T0000|96 119|hepatitis B surface antigen
P01512259A0867|132 145|mammalian furin
P01516829A0113|36 39|SNF6
P01516829A0460|131 143|lexA operators
P01518849A0165|188 202|elastin peptides
P01524549A0241|152 153|GH
P01525153A0359|23 30|d(T2G4T)
P01526658A0454|0 8|IFI 16 mRNA
P01527020A0511|140 146|rat gene
P01529530T0000|92 116|ISGF3 transcription complex
P01531214A0885|21 26|RP-170
P01531632A0000|149 157|GAR domain
P01532229A1264|107 111|E-box
P01532796A0107|70 89|alpha and beta subunits
P01535242A0557|80 88|c-fms mRNA
P01536153A0574|195 197|IgE
P01536575A1213|174 179|CYPIA1
P01537334A0507|60 77|coat colour mutation
P01537845A0571|51 59|c-myb gene
P01538401A1244|59 67|5 S RNA gene
P01538403A1058|213 220|TATA-box
P01539996A0588|193 204|E. coli enzyme
P01541556A1040|47 60|mutated protein
P01542565A0220|69 71|L12
P01542565T0000|0 44|Nuclear-encoded chloroplast ribosomal protein L12
P01542667A0125|156 177|IFN-gamma-encoding gene
P01542686A0000|134 142|NF-kappa B
P01543909A0787|201 208|ferritin
P01544918A1240|294 300|RI alpha
P01545523A0000|105 121|antistreptolysin O
P01545787A0345|98 104|NFIL-2B
P01545792A0000|29 46|MLC-2) gene promoter
P01545792A0492|87 95|MLC-2 gene
P01545797A0587|52 55|slk1
P01545806T0000|83 86|MER2
P01545818A0696|159 172|v-Src SH2 domain
P01546522A0000|49 51|PML
P01547775A1024|168 195|ORF2a/ORF2b transframe protein
P01547942A0120|121 124|CHOP
P01547957A1083|185 208|CYP3-specific DNA fragment
P01548756A1102|72 80|EHS-1 loci
P01549118A0000|3 40|Caenorhabditis elegans vitellogenin genes
P01549123A0480|86 114|bZIP transcriptional activators
P01549125A0140|51 65|beta GK promoters
P01549129A0356|121 123|Src
P01549346A0000|3 20|c-Ets-1 oncoprotein
P01551568A1476|79 87|Rif domain
P01551910A0313|69 79|DNA-protein
P01551910A0978|28 50|protein-binding sequence
P01552457T0000|96 100|PT-01
P01552853A1377|58 67|yop regulon
P01554334A0000|37 45|IFN-gamma
P01556068A0000|62 77|monoamine oxidase
P01557411A1282|8 19|human D1A gene
P01560021A0379|109 115|rat gene
P01560774A0885|60 67|fliA gene
P01563343A0548|55 65|CAB promoter
P01563635T0000|48 71|M.HinfI methyltransferase
P01569102A0708|31 41|LDL receptor
P01569584A0672|132 146|alpha-type genes
P01569945A0529|3 10|SEN1 gene
P01572549A0000|168 188|growth factor receptors
P01573270A0000|89 97|HLA class I
P01577740A1111|18 38|mung bean and S1 nuclease
P01577819A0709|10 29|PRP-precursor alleles
P01579537A0000|37 50|botulinum toxin
P01581577A1186|8 10|PSI
P01581965A0388|195 206|small GTPases
P01582413A0759|58 60|E12
P01584812T0000|89 124|zinc-finger transcription factor NGFI-C
P01585014A0000|425 425|P
P01588270A1029|124 126|DBP
P01588315A0356|111 124|polyhedrin gene
P01588913A0000|20 42|Escherichia coli dnaA gene
P01588961A0000|0 3|STP1
P01588963A1153|77 88|Cdc25 protein
P01588965A0000|0 7|GCR1 gene
P01594554A0845|47 53|trypsin
P01597170A0000|76 78|NO3
P01597462A0457|26 30|CDC14
P01601181A0842|3 16|60A transcripts
P01601869A1389|82 111|mammalian-specific 352-bp region
P01603088A1121|45 46|TR
P01612085A0624|23 25|EPO
P01615493A0408|3 6|HC II
P01615493A0975|80 87|thrombin
P01617801A0088|26 36|plasma renin
P01618027A1108|95 114|wild-type E10 fragment
P01618256A0521|129 131|l-1
P01619114A0383|87 89|MSP
P01620118A0470|104 147|human immunodeficiency virus long terminal repeat
P01620129A0417|91 102|H4-FO108 gene
P01620781A0611|113 114|A5
P01624425A0907|0 15|Wild-type protein
P01626430A1112|95 109|Drosophila genes
P01627828A0475|156 162|SmN gene
P01627830A0000|83 86|CKI2
P01628806A1347|99 112|helicase region
P01629768A0131|53 55|SOC
P01630454A0635|55 66|Act1 promoter
P01630455A0448|156 168|IL-1 beta genes
P00015731A0090|36 52|carbonic anhydrase
P00027739T0000|0 28|Serum gamma glutamyltransferase
P00029953T0045|17 22|lipase
P00030183T0000|33 38|HLA-B5
P00030937A0119|13 31|alkaline phosphatase
P00033873T0001|28 31|GGTP
P00050628A0202|2 4|IgG
P00052597T0000|9 23|immunoglobulin E
P00054900A0226|37 57|chloroacetate esterase
P00055040A0000|269 278|fibrinogen
P00056901A0308|10 21|human albumin
P00066874T0000|26 41|alpha fetoprotein
P00072928T0000|0 13|Serum-ferritin
P00083846T0000|0 6|Albumin
P00088391A0181|64 71|factor IX
P00089778A0000|114 116|FDP
P00100540T0000|44 66|platelet cyclo-oxygenase
P00101300A0257|49 50|N1
P00105401A0635|75 77|TBG
P00139624A0318|48 65|serum ceruloplasmin
P00150066A0100|52 59|thrombin
P00154430A0906|94 114|HindIII-EcoRI fragment
P00015731A0090|36 52|carbonic anhydrase
P00027739T0000|0 28|Serum gamma glutamyltransferase
P00029953T0045|17 22|lipase
P00030183T0000|33 38|HLA-B5
P00030937A0119|13 31|alkaline phosphatase
P00033873T0001|28 31|GGTP
P00050628A0202|2 4|IgG
P00052597T0000|9 23|immunoglobulin E
P00054900A0226|37 57|chloroacetate esterase
P00055040A0000|269 278|fibrinogen
P00056901A0308|10 21|human albumin
P00066874T0000|26 41|alpha fetoprotein
P00072928T0000|0 13|Serum-ferritin
P00083846T0000|0 6|Albumin
P00088391A0181|64 71|factor IX
P00089778A0000|114 116|FDP
P00100540T0000|44 66|platelet cyclo-oxygenase
P00101300A0257|49 50|N1
P00105401A0635|75 77|TBG
P00139624A0318|48 65|serum ceruloplasmin
P00015731A0090|36 52|carbonic anhydrase
P00027739T0000|0 28|Serum gamma glutamyltransferase
P00029953T0045|17 22|lipase
P00030183T0000|33 38|HLA-B5
P00030937A0119|13 31|alkaline phosphatase
P00033873T0001|28 31|GGTP
P00050628A0202|2 4|IgG
P00052597T0000|9 23|immunoglobulin E
P00054900A0226|37 57|chloroacetate esterase
P00055040A0000|269 278|fibrinogen
P00056901A0308|10 21|human albumin
P00015731A0090|36 52|carbonic anhydrase
P00015731A0090|36 52|carbonic anhydrase
P00027739T0000|0 28|Serum gamma glutamyltransferase
P00029953T0045|17 22|lipase
P00030183T0000|33 38|HLA-B5
P00030937A0119|13 31|alkaline phosphatase
P00033873T0001|28 31|GGTP
P00050628A0202|2 4|IgG
P00052597T0000|9 23|immunoglobulin E
P00054900A0226|37 57|chloroacetate esterase
P00055040A0000|269 278|fibrinogen
P00056901A0308|10 21|human albumin
P00066874T0000|26 41|alpha fetoprotein
P00015731A0090|36 52|carbonic anhydrase
P00027739T0000|0 28|Serum gamma glutamyltransferase
P00029953T0045|17 22|lipase
P00030183T0000|33 38|HLA-B5
P00030937A0119|13 31|alkaline phosphatase
P00033873T0001|28 31|GGTP
